[35m[Appium][39m Welcome to Appium v1.19.0
[35m[Appium][39m Non-default server args:
[35m[Appium][39m   port: 61392
[35m[Appium][39m   loglevel: info
[35m[Appium][39m   tmpDir: C:\Users\USER\AppData\Local\Temp\\Katalon\Appium\Temp1612502512639
[35m[Appium][39m   chromedriverPort: 61393
[35m[Appium][39m Deprecated server args:
[35m[Appium][39m   [31m--chromedriver-port[39m => --default-capabilities
[35m[Appium][39m Default capabilities, which will be added to each request unless overridden by desired capabilities:
[35m[Appium][39m   chromedriverPort: 61393
[35m[Appium][39m Appium REST http interface listener started on 0.0.0.0:61392
[35m[HTTP][39m [37m-->[39m [37mGET[39m [37m/wd/hub/status[39m
[35m[HTTP][39m [90m{}[39m
[35m[HTTP][39m [37m<-- GET /wd/hub/status [39m[32m200[39m [90m6 ms - 68[39m
[35m[HTTP][39m [90m[39m
[35m[HTTP][39m [37m-->[39m [37mGET[39m [37m/wd/hub/status[39m
[35m[HTTP][39m [90m{}[39m
[35m[HTTP][39m [37m<-- GET /wd/hub/status [39m[32m200[39m [90m1 ms - 68[39m
[35m[HTTP][39m [90m[39m
[35m[HTTP][39m [37m-->[39m [37mPOST[39m [37m/wd/hub/session[39m
[35m[HTTP][39m [90m{"desiredCapabilities":{"app":"C:\\Users\\USER\\Downloads\\id.co.myhomecredit_10112_apps.evozi.com.apk","noReset":true,"newCommandTimeout":1800,"platformVersion":"6.0.1","autoGrantPermissions":true,"platformName":"Android","udid":"12fdeec0","deviceName":"samsung SM-A500F (Android 6.0.1)","fullReset":false,"platform":"ANDROID","systemPort":61398},"capabilities":{"firstMatch":[{"appium:app":"C:\\Users\\USER\\Downloads\\id.co.myhomecredit_10112_apps.evozi.com.apk","appium:autoGrantPermissions":true,"appium:deviceName":"samsung SM-A500F (Android 6.0.1)","appium:fullReset":false,"appium:newCommandTimeout":1800,"appium:noReset":true,"platform":"ANDROID","platformName":"android","appium:platformVersion":"6.0.1","appium:systemPort":61398,"appium:udid":"12fdeec0"}]}}[39m
[35m[BaseDriver][39m The following capabilities are not standard capabilities and should have an extension prefix:
[35m[BaseDriver][39m   platform
[35m[BaseDriver][39m   chromedriverPort
[35m[Appium][39m 
[35m[Appium][39m ======================================================================
[35m[Appium][39m   DEPRECATION WARNING:
[35m[Appium][39m 
[35m[Appium][39m   The 'automationName' capability was not provided in the desired 
[35m[Appium][39m   capabilities for this Android session
[35m[Appium][39m 
[35m[Appium][39m   Setting 'automationName=UiAutomator2' by default and using the 
[35m[Appium][39m   UiAutomator2 Driver
[35m[Appium][39m 
[35m[Appium][39m   The next major version of Appium (2.x) will **require** the 
[35m[Appium][39m   'automationName' capability to be set for all sessions on all 
[35m[Appium][39m   platforms
[35m[Appium][39m 
[35m[Appium][39m   In previous versions (Appium <= 1.13.x), the default was 
[35m[Appium][39m   'automationName=UiAutomator1'
[35m[Appium][39m 
[35m[Appium][39m   If you wish to use that automation instead of UiAutomator2, please 
[35m[Appium][39m   add 'automationName=UiAutomator1' to your desired capabilities
[35m[Appium][39m 
[35m[Appium][39m   For more information about drivers, please visit 
[35m[Appium][39m   http://appium.io/docs/en/about-appium/intro/ and explore the 
[35m[Appium][39m   'Drivers' menu
[35m[Appium][39m 
[35m[Appium][39m ======================================================================
[35m[Appium][39m 
[35m[Appium][39m Appium v1.19.0 creating new AndroidUiautomator2Driver (v1.59.0) session
[35m[BaseDriver][39m The following capabilities were provided, but are not recognized by Appium:
[35m[BaseDriver][39m   platform
[35m[BaseDriver][39m Session created with session id: d64e1c43-354f-40ed-963e-c246e20164a2
[35m[BaseDriver][39m Using local app 'C:\Users\USER\Downloads\id.co.myhomecredit_10112_apps.evozi.com.apk'
[35m[ADB][39m Found 1 'build-tools' folders under 'C:\Users\USER\.katalon\tools\android_sdk' (newest first):
[35m[ADB][39m     C:/Users/USER/.katalon/tools/android_sdk/build-tools/29.0.3
[35m[ADB][39m Using 'adb.exe' from 'C:\Users\USER\.katalon\tools\android_sdk\platform-tools\adb.exe'
[35m[AndroidDriver][39m Retrieving device list
[35m[AndroidDriver][39m Using device: 12fdeec0
[35m[ADB][39m Using 'adb.exe' from 'C:\Users\USER\.katalon\tools\android_sdk\platform-tools\adb.exe'
[35m[ADB][39m Package name: 'id.co.myhomecredit'
[35m[ADB][39m Main activity name: 'id.co.homecredit.v2.launcherpage.SplashScreenActivity'
[35m[ADB][39m Using 'apksigner.jar' from 'C:\Users\USER\.katalon\tools\android_sdk\build-tools\29.0.3\lib\apksigner.jar'
[35m[ADB][39m 'C:\Users\USER\AppData\Roaming\npm\node_modules\appium\node_modules\appium-uiautomator2-server\apks\appium-uiautomator2-server-v4.15.0.apk' is signed with the default certificate
[35m[ADB][39m 'C:\Users\USER\AppData\Roaming\npm\node_modules\appium\node_modules\appium-uiautomator2-server\apks\appium-uiautomator2-server-debug-androidTest.apk' is signed with the default certificate
[35m[UiAutomator2][39m Server packages are not going to be (re)installed
[35m[ADB][39m 'C:\Users\USER\Downloads\id.co.myhomecredit_10112_apps.evozi.com.apk' is signed with a non-default certificate
[35m[UiAutomator2][39m Starting UIAutomator2 server 4.15.0
[35m[UiAutomator2][39m Using UIAutomator2 server from 'C:\Users\USER\AppData\Roaming\npm\node_modules\appium\node_modules\appium-uiautomator2-server\apks\appium-uiautomator2-server-v4.15.0.apk' and test from 'C:\Users\USER\AppData\Roaming\npm\node_modules\appium\node_modules\appium-uiautomator2-server\apks\appium-uiautomator2-server-debug-androidTest.apk'
[35m[UiAutomator2][39m Waiting up to 30000ms for UiAutomator2 to be online...
[35m[WD Proxy][39m socket hang up
[35m[WD Proxy][39m socket hang up
[35m[WD Proxy][39m socket hang up
[35m[WD Proxy][39m Determined the downstream protocol as 'W3C'
[35m[AndroidDriver][39m Screen already unlocked, doing nothing
[35m[UiAutomator2][39m Starting 'id.co.myhomecredit/id.co.homecredit.v2.launcherpage.SplashScreenActivity and waiting for 'id.co.myhomecredit/id.co.homecredit.v2.launcherpage.SplashScreenActivity'
[35m[Appium][39m New AndroidUiautomator2Driver session created successfully, session d64e1c43-354f-40ed-963e-c246e20164a2 added to master session list
[35m[HTTP][39m [37m<-- POST /wd/hub/session [39m[32m200[39m [90m25892 ms - 1223[39m
[35m[HTTP][39m [90m[39m
[35m[HTTP][39m [37m-->[39m [37mGET[39m [37m/wd/hub/session/d64e1c43-354f-40ed-963e-c246e20164a2[39m
[35m[HTTP][39m [90m{}[39m
[35m[HTTP][39m [37m<-- GET /wd/hub/session/d64e1c43-354f-40ed-963e-c246e20164a2 [39m[32m200[39m [90m21 ms - 1177[39m
[35m[HTTP][39m [90m[39m
[35m[HTTP][39m [37m-->[39m [37mGET[39m [37m/wd/hub/session/d64e1c43-354f-40ed-963e-c246e20164a2[39m
[35m[HTTP][39m [90m{}[39m
[35m[HTTP][39m [37m<-- GET /wd/hub/session/d64e1c43-354f-40ed-963e-c246e20164a2 [39m[32m200[39m [90m19 ms - 1177[39m
[35m[HTTP][39m [90m[39m
[35m[HTTP][39m [37m-->[39m [37mGET[39m [37m/wd/hub/status[39m
[35m[HTTP][39m [90m{}[39m
[35m[HTTP][39m [37m<-- GET /wd/hub/status [39m[32m200[39m [90m2 ms - 68[39m
[35m[HTTP][39m [90m[39m
[35m[HTTP][39m [37m-->[39m [37mPOST[39m [37m/wd/hub/session/d64e1c43-354f-40ed-963e-c246e20164a2/timeouts[39m
[35m[HTTP][39m [90m{"implicit":60000}[39m
[35m[HTTP][39m [37m<-- POST /wd/hub/session/d64e1c43-354f-40ed-963e-c246e20164a2/timeouts [39m[32m200[39m [90m4 ms - 14[39m
[35m[HTTP][39m [90m[39m
[35m[HTTP][39m [37m-->[39m [37mGET[39m [37m/wd/hub/session/d64e1c43-354f-40ed-963e-c246e20164a2/source[39m
[35m[HTTP][39m [90m{}[39m
[35m[W3C (d64e1c43)][39m Driver proxy active, passing request on via HTTP proxy
[35m[WD Proxy][39m Replacing sessionId 2deb3333-e782-4e1e-8e2d-60db6eff561e with d64e1c43-354f-40ed-963e-c246e20164a2
[35m[HTTP][39m [37m<-- GET /wd/hub/session/d64e1c43-354f-40ed-963e-c246e20164a2/source [39m[32m200[39m [90m196 ms - 2801[39m
[35m[HTTP][39m [90m[39m
[35m[HTTP][39m [37m-->[39m [37mGET[39m [37m/wd/hub/session/d64e1c43-354f-40ed-963e-c246e20164a2/screenshot[39m
[35m[HTTP][39m [90m{}[39m
[35m[HTTP][39m [37m<-- GET /wd/hub/session/d64e1c43-354f-40ed-963e-c246e20164a2/screenshot [39m[32m200[39m [90m672 ms - 42618[39m
[35m[HTTP][39m [90m[39m
